<?xml version="1.0" encoding="UTF-8"?>
<coverage generated="1637243920940" clover="3.2.0">
  <project timestamp="1637243920940" name="All files">
    <metrics statements="25" coveredstatements="16" conditionals="7" coveredconditionals="2" methods="6" coveredmethods="4" elements="38" coveredelements="22" complexity="0" loc="25" ncloc="25" packages="2" files="2" classes="2"/>
    <package name="crypt">
      <metrics statements="23" coveredstatements="14" conditionals="7" coveredconditionals="2" methods="5" coveredmethods="3"/>
      <file name="index.js" path="/Users/dima/WebstormProjects/rss-nodejs-cli-cifer/modules/crypt/index.js">
        <metrics statements="23" coveredstatements="14" conditionals="7" coveredconditionals="2" methods="5" coveredmethods="3"/>
        <line num="1" count="1" type="stmt"/>
        <line num="2" count="1" type="stmt"/>
        <line num="3" count="1" type="stmt"/>
        <line num="4" count="1" type="stmt"/>
        <line num="7" count="3" type="stmt"/>
        <line num="9" count="1" type="stmt"/>
        <line num="11" count="1" type="stmt"/>
        <line num="14" count="1" type="cond" truecount="1" falsecount="4"/>
        <line num="16" count="1" type="stmt"/>
        <line num="17" count="1" type="stmt"/>
        <line num="19" count="0" type="stmt"/>
        <line num="20" count="0" type="stmt"/>
        <line num="22" count="0" type="stmt"/>
        <line num="23" count="0" type="stmt"/>
        <line num="25" count="0" type="stmt"/>
        <line num="26" count="0" type="stmt"/>
        <line num="28" count="0" type="stmt"/>
        <line num="29" count="0" type="stmt"/>
        <line num="32" count="1" type="stmt"/>
        <line num="33" count="3" type="cond" truecount="1" falsecount="1"/>
        <line num="34" count="0" type="stmt"/>
        <line num="38" count="3" type="stmt"/>
        <line num="44" count="1" type="stmt"/>
      </file>
    </package>
    <package name="validation">
      <metrics statements="2" coveredstatements="2" conditionals="0" coveredconditionals="0" methods="1" coveredmethods="1"/>
      <file name="duplicates.js" path="/Users/dima/WebstormProjects/rss-nodejs-cli-cifer/modules/validation/duplicates.js">
        <metrics statements="2" coveredstatements="2" conditionals="0" coveredconditionals="0" methods="1" coveredmethods="1"/>
        <line num="1" count="1" type="stmt"/>
        <line num="3" count="1" type="stmt"/>
      </file>
    </package>
  </project>
</coverage>
