{"/Users/dima/WebstormProjects/rss-nodejs-cli-cifer/modules/crypt/index.js": {"path":"/Users/dima/WebstormProjects/rss-nodejs-cli-cifer/modules/crypt/index.js","statementMap":{"0":{"start":{"line":1,"column":14},"end":{"line":42,"column":1}},"1":{"start":{"line":2,"column":24},"end":{"line":2,"column":52}},"2":{"start":{"line":3,"column":24},"end":{"line":3,"column":52}},"3":{"start":{"line":4,"column":15},"end":{"line":4,"column":17}},"4":{"start":{"line":7,"column":24},"end":{"line":7,"column":101}},"5":{"start":{"line":7,"column":51},"end":{"line":7,"column":101}},"6":{"start":{"line":9,"column":24},"end":{"line":9,"column":119}},"7":{"start":{"line":9,"column":51},"end":{"line":9,"column":119}},"8":{"start":{"line":11,"column":17},"end":{"line":11,"column":109}},"9":{"start":{"line":11,"column":37},"end":{"line":11,"column":109}},"10":{"start":{"line":14,"column":2},"end":{"line":30,"column":3}},"11":{"start":{"line":16,"column":6},"end":{"line":16,"column":55}},"12":{"start":{"line":17,"column":6},"end":{"line":17,"column":12}},"13":{"start":{"line":19,"column":6},"end":{"line":19,"column":55}},"14":{"start":{"line":20,"column":6},"end":{"line":20,"column":12}},"15":{"start":{"line":22,"column":6},"end":{"line":22,"column":55}},"16":{"start":{"line":23,"column":6},"end":{"line":23,"column":12}},"17":{"start":{"line":25,"column":6},"end":{"line":25,"column":55}},"18":{"start":{"line":26,"column":6},"end":{"line":26,"column":12}},"19":{"start":{"line":28,"column":6},"end":{"line":28,"column":38}},"20":{"start":{"line":29,"column":6},"end":{"line":29,"column":12}},"21":{"start":{"line":32,"column":2},"end":{"line":41,"column":5}},"22":{"start":{"line":33,"column":4},"end":{"line":37,"column":5}},"23":{"start":{"line":34,"column":6},"end":{"line":36,"column":8}},"24":{"start":{"line":38,"column":4},"end":{"line":40,"column":6}},"25":{"start":{"line":44,"column":0},"end":{"line":44,"column":23}}},"fnMap":{"0":{"name":"(anonymous_0)","decl":{"start":{"line":1,"column":14},"end":{"line":1,"column":15}},"loc":{"start":{"line":1,"column":32},"end":{"line":42,"column":1}},"line":1},"1":{"name":"(anonymous_1)","decl":{"start":{"line":7,"column":24},"end":{"line":7,"column":25}},"loc":{"start":{"line":7,"column":51},"end":{"line":7,"column":101}},"line":7},"2":{"name":"(anonymous_2)","decl":{"start":{"line":9,"column":24},"end":{"line":9,"column":25}},"loc":{"start":{"line":9,"column":51},"end":{"line":9,"column":119}},"line":9},"3":{"name":"(anonymous_3)","decl":{"start":{"line":11,"column":17},"end":{"line":11,"column":18}},"loc":{"start":{"line":11,"column":37},"end":{"line":11,"column":109}},"line":11},"4":{"name":"(anonymous_4)","decl":{"start":{"line":32,"column":46},"end":{"line":32,"column":47}},"loc":{"start":{"line":32,"column":56},"end":{"line":41,"column":3}},"line":32}},"branchMap":{"0":{"loc":{"start":{"line":14,"column":2},"end":{"line":30,"column":3}},"type":"switch","locations":[{"start":{"line":15,"column":4},"end":{"line":17,"column":12}},{"start":{"line":18,"column":4},"end":{"line":20,"column":12}},{"start":{"line":21,"column":4},"end":{"line":23,"column":12}},{"start":{"line":24,"column":4},"end":{"line":26,"column":12}},{"start":{"line":27,"column":4},"end":{"line":29,"column":12}}],"line":14},"1":{"loc":{"start":{"line":33,"column":4},"end":{"line":37,"column":5}},"type":"if","locations":[{"start":{"line":33,"column":4},"end":{"line":37,"column":5}},{"start":{},"end":{}}],"line":33}},"s":{"0":1,"1":6,"2":6,"3":6,"4":6,"5":12,"6":6,"7":12,"8":6,"9":12,"10":6,"11":1,"12":1,"13":1,"14":1,"15":1,"16":1,"17":1,"18":1,"19":2,"20":2,"21":6,"22":36,"23":18,"24":18,"25":1},"f":{"0":6,"1":12,"2":12,"3":12,"4":36},"b":{"0":[1,1,1,1,2],"1":[18,18]},"_coverageSchema":"1a1c01bbd47fc00a2c39e90264f33305004495a9","hash":"d699b24c9532ddc03e441e0196cda50afcff270b"}
,"/Users/dima/WebstormProjects/rss-nodejs-cli-cifer/modules/error/index.js": {"path":"/Users/dima/WebstormProjects/rss-nodejs-cli-cifer/modules/error/index.js","statementMap":{"0":{"start":{"line":1,"column":27},"end":{"line":1,"column":34}},"1":{"start":{"line":3,"column":20},"end":{"line":23,"column":1}},"2":{"start":{"line":4,"column":2},"end":{"line":22,"column":3}},"3":{"start":{"line":6,"column":6},"end":{"line":6,"column":70}},"4":{"start":{"line":7,"column":6},"end":{"line":7,"column":12}},"5":{"start":{"line":9,"column":6},"end":{"line":9,"column":67}},"6":{"start":{"line":10,"column":6},"end":{"line":10,"column":12}},"7":{"start":{"line":12,"column":6},"end":{"line":12,"column":83}},"8":{"start":{"line":13,"column":6},"end":{"line":13,"column":12}},"9":{"start":{"line":15,"column":6},"end":{"line":15,"column":84}},"10":{"start":{"line":16,"column":6},"end":{"line":16,"column":12}},"11":{"start":{"line":18,"column":6},"end":{"line":18,"column":85}},"12":{"start":{"line":19,"column":6},"end":{"line":19,"column":12}},"13":{"start":{"line":21,"column":6},"end":{"line":21,"column":30}},"14":{"start":{"line":25,"column":0},"end":{"line":25,"column":29}}},"fnMap":{"0":{"name":"(anonymous_0)","decl":{"start":{"line":3,"column":20},"end":{"line":3,"column":21}},"loc":{"start":{"line":3,"column":30},"end":{"line":23,"column":1}},"line":3}},"branchMap":{"0":{"loc":{"start":{"line":4,"column":2},"end":{"line":22,"column":3}},"type":"switch","locations":[{"start":{"line":5,"column":4},"end":{"line":7,"column":12}},{"start":{"line":8,"column":4},"end":{"line":10,"column":12}},{"start":{"line":11,"column":4},"end":{"line":13,"column":12}},{"start":{"line":14,"column":4},"end":{"line":16,"column":12}},{"start":{"line":17,"column":4},"end":{"line":19,"column":12}},{"start":{"line":20,"column":4},"end":{"line":21,"column":30}}],"line":4}},"s":{"0":2,"1":2,"2":6,"3":1,"4":1,"5":1,"6":1,"7":1,"8":1,"9":1,"10":1,"11":1,"12":1,"13":1,"14":2},"f":{"0":6},"b":{"0":[1,1,1,1,1,1]},"_coverageSchema":"1a1c01bbd47fc00a2c39e90264f33305004495a9","hash":"0138cda61a060cbaa7bd4a35b350f83fa44c8b75"}
,"/Users/dima/WebstormProjects/rss-nodejs-cli-cifer/modules/validation/duplicates.js": {"path":"/Users/dima/WebstormProjects/rss-nodejs-cli-cifer/modules/validation/duplicates.js","statementMap":{"0":{"start":{"line":1,"column":22},"end":{"line":1,"column":69}},"1":{"start":{"line":1,"column":33},"end":{"line":1,"column":69}},"2":{"start":{"line":3,"column":0},"end":{"line":3,"column":31}}},"fnMap":{"0":{"name":"(anonymous_0)","decl":{"start":{"line":1,"column":22},"end":{"line":1,"column":23}},"loc":{"start":{"line":1,"column":33},"end":{"line":1,"column":69}},"line":1}},"branchMap":{},"s":{"0":2,"1":6,"2":2},"f":{"0":6},"b":{},"_coverageSchema":"1a1c01bbd47fc00a2c39e90264f33305004495a9","hash":"93162abc2621d37c05b3b905153bd28471abbb03"}
,"/Users/dima/WebstormProjects/rss-nodejs-cli-cifer/modules/validation/index.js": {"path":"/Users/dima/WebstormProjects/rss-nodejs-cli-cifer/modules/validation/index.js","statementMap":{"0":{"start":{"line":1,"column":22},"end":{"line":1,"column":45}},"1":{"start":{"line":2,"column":23},"end":{"line":2,"column":50}},"2":{"start":{"line":4,"column":25},"end":{"line":32,"column":1}},"3":{"start":{"line":5,"column":2},"end":{"line":5,"column":43}},"4":{"start":{"line":5,"column":27},"end":{"line":5,"column":43}},"5":{"start":{"line":7,"column":23},"end":{"line":11,"column":3}},"6":{"start":{"line":13,"column":25},"end":{"line":23,"column":3}},"7":{"start":{"line":14,"column":23},"end":{"line":14,"column":46}},"8":{"start":{"line":15,"column":22},"end":{"line":15,"column":44}},"9":{"start":{"line":16,"column":4},"end":{"line":18,"column":5}},"10":{"start":{"line":17,"column":6},"end":{"line":17,"column":34}},"11":{"start":{"line":19,"column":4},"end":{"line":21,"column":5}},"12":{"start":{"line":20,"column":6},"end":{"line":20,"column":33}},"13":{"start":{"line":22,"column":4},"end":{"line":22,"column":50}},"14":{"start":{"line":25,"column":17},"end":{"line":29,"column":3}},"15":{"start":{"line":31,"column":2},"end":{"line":31,"column":66}},"16":{"start":{"line":34,"column":0},"end":{"line":34,"column":34}}},"fnMap":{"0":{"name":"(anonymous_0)","decl":{"start":{"line":4,"column":25},"end":{"line":4,"column":26}},"loc":{"start":{"line":4,"column":35},"end":{"line":32,"column":1}},"line":4},"1":{"name":"(anonymous_1)","decl":{"start":{"line":13,"column":25},"end":{"line":13,"column":26}},"loc":{"start":{"line":13,"column":34},"end":{"line":23,"column":3}},"line":13}},"branchMap":{"0":{"loc":{"start":{"line":5,"column":2},"end":{"line":5,"column":43}},"type":"if","locations":[{"start":{"line":5,"column":2},"end":{"line":5,"column":43}},{"start":{},"end":{}}],"line":5},"1":{"loc":{"start":{"line":16,"column":4},"end":{"line":18,"column":5}},"type":"if","locations":[{"start":{"line":16,"column":4},"end":{"line":18,"column":5}},{"start":{},"end":{}}],"line":16},"2":{"loc":{"start":{"line":19,"column":4},"end":{"line":21,"column":5}},"type":"if","locations":[{"start":{"line":19,"column":4},"end":{"line":21,"column":5}},{"start":{},"end":{}}],"line":19},"3":{"loc":{"start":{"line":22,"column":11},"end":{"line":22,"column":49}},"type":"cond-expr","locations":[{"start":{"line":22,"column":26},"end":{"line":22,"column":41}},{"start":{"line":22,"column":44},"end":{"line":22,"column":49}}],"line":22},"4":{"loc":{"start":{"line":31,"column":9},"end":{"line":31,"column":65}},"type":"cond-expr","locations":[{"start":{"line":31,"column":41},"end":{"line":31,"column":47}},{"start":{"line":31,"column":50},"end":{"line":31,"column":65}}],"line":31}},"s":{"0":1,"1":1,"2":1,"3":3,"4":1,"5":3,"6":3,"7":9,"8":9,"9":9,"10":5,"11":4,"12":1,"13":3,"14":3,"15":3,"16":1},"f":{"0":3,"1":9},"b":{"0":[1,2],"1":[5,4],"2":[1,3],"3":[1,2],"4":[1,2]},"_coverageSchema":"1a1c01bbd47fc00a2c39e90264f33305004495a9","hash":"47c8c62549679ae142cf6f1d74ac5856971e2024"}
,"/Users/dima/WebstormProjects/rss-nodejs-cli-cifer/modules/validation/validateConfig.js": {"path":"/Users/dima/WebstormProjects/rss-nodejs-cli-cifer/modules/validation/validateConfig.js","statementMap":{"0":{"start":{"line":1,"column":22},"end":{"line":1,"column":51}},"1":{"start":{"line":3,"column":23},"end":{"line":3,"column":82}},"2":{"start":{"line":3,"column":32},"end":{"line":3,"column":82}},"3":{"start":{"line":3,"column":53},"end":{"line":3,"column":81}},"4":{"start":{"line":5,"column":0},"end":{"line":5,"column":32}}},"fnMap":{"0":{"name":"(anonymous_0)","decl":{"start":{"line":3,"column":23},"end":{"line":3,"column":24}},"loc":{"start":{"line":3,"column":32},"end":{"line":3,"column":82}},"line":3},"1":{"name":"(anonymous_1)","decl":{"start":{"line":3,"column":43},"end":{"line":3,"column":44}},"loc":{"start":{"line":3,"column":53},"end":{"line":3,"column":81}},"line":3}},"branchMap":{},"s":{"0":2,"1":2,"2":8,"3":14,"4":2},"f":{"0":8,"1":14},"b":{},"_coverageSchema":"1a1c01bbd47fc00a2c39e90264f33305004495a9","hash":"5e74f6b7236d8dbe21991c089cc06f7e06b63d5e"}
}
