{"/Users/dima/WebstormProjects/rss-nodejs-cli-cifer/modules/crypt/index.js": {"path":"/Users/dima/WebstormProjects/rss-nodejs-cli-cifer/modules/crypt/index.js","statementMap":{"0":{"start":{"line":1,"column":14},"end":{"line":42,"column":1}},"1":{"start":{"line":2,"column":24},"end":{"line":2,"column":52}},"2":{"start":{"line":3,"column":24},"end":{"line":3,"column":52}},"3":{"start":{"line":4,"column":15},"end":{"line":4,"column":17}},"4":{"start":{"line":7,"column":24},"end":{"line":7,"column":101}},"5":{"start":{"line":7,"column":51},"end":{"line":7,"column":101}},"6":{"start":{"line":9,"column":24},"end":{"line":9,"column":119}},"7":{"start":{"line":9,"column":51},"end":{"line":9,"column":119}},"8":{"start":{"line":11,"column":17},"end":{"line":11,"column":109}},"9":{"start":{"line":11,"column":37},"end":{"line":11,"column":109}},"10":{"start":{"line":14,"column":2},"end":{"line":30,"column":3}},"11":{"start":{"line":16,"column":6},"end":{"line":16,"column":55}},"12":{"start":{"line":17,"column":6},"end":{"line":17,"column":12}},"13":{"start":{"line":19,"column":6},"end":{"line":19,"column":55}},"14":{"start":{"line":20,"column":6},"end":{"line":20,"column":12}},"15":{"start":{"line":22,"column":6},"end":{"line":22,"column":55}},"16":{"start":{"line":23,"column":6},"end":{"line":23,"column":12}},"17":{"start":{"line":25,"column":6},"end":{"line":25,"column":55}},"18":{"start":{"line":26,"column":6},"end":{"line":26,"column":12}},"19":{"start":{"line":28,"column":6},"end":{"line":28,"column":38}},"20":{"start":{"line":29,"column":6},"end":{"line":29,"column":12}},"21":{"start":{"line":32,"column":2},"end":{"line":41,"column":5}},"22":{"start":{"line":33,"column":4},"end":{"line":37,"column":5}},"23":{"start":{"line":34,"column":6},"end":{"line":36,"column":8}},"24":{"start":{"line":38,"column":4},"end":{"line":40,"column":6}},"25":{"start":{"line":44,"column":0},"end":{"line":44,"column":23}}},"fnMap":{"0":{"name":"(anonymous_0)","decl":{"start":{"line":1,"column":14},"end":{"line":1,"column":15}},"loc":{"start":{"line":1,"column":32},"end":{"line":42,"column":1}},"line":1},"1":{"name":"(anonymous_1)","decl":{"start":{"line":7,"column":24},"end":{"line":7,"column":25}},"loc":{"start":{"line":7,"column":51},"end":{"line":7,"column":101}},"line":7},"2":{"name":"(anonymous_2)","decl":{"start":{"line":9,"column":24},"end":{"line":9,"column":25}},"loc":{"start":{"line":9,"column":51},"end":{"line":9,"column":119}},"line":9},"3":{"name":"(anonymous_3)","decl":{"start":{"line":11,"column":17},"end":{"line":11,"column":18}},"loc":{"start":{"line":11,"column":37},"end":{"line":11,"column":109}},"line":11},"4":{"name":"(anonymous_4)","decl":{"start":{"line":32,"column":46},"end":{"line":32,"column":47}},"loc":{"start":{"line":32,"column":56},"end":{"line":41,"column":3}},"line":32}},"branchMap":{"0":{"loc":{"start":{"line":14,"column":2},"end":{"line":30,"column":3}},"type":"switch","locations":[{"start":{"line":15,"column":4},"end":{"line":17,"column":12}},{"start":{"line":18,"column":4},"end":{"line":20,"column":12}},{"start":{"line":21,"column":4},"end":{"line":23,"column":12}},{"start":{"line":24,"column":4},"end":{"line":26,"column":12}},{"start":{"line":27,"column":4},"end":{"line":29,"column":12}}],"line":14},"1":{"loc":{"start":{"line":33,"column":4},"end":{"line":37,"column":5}},"type":"if","locations":[{"start":{"line":33,"column":4},"end":{"line":37,"column":5}},{"start":{},"end":{}}],"line":33}},"s":{"0":1,"1":1,"2":1,"3":1,"4":1,"5":3,"6":1,"7":0,"8":1,"9":0,"10":1,"11":1,"12":1,"13":0,"14":0,"15":0,"16":0,"17":0,"18":0,"19":0,"20":0,"21":1,"22":3,"23":0,"24":3,"25":1},"f":{"0":1,"1":3,"2":0,"3":0,"4":3},"b":{"0":[1,0,0,0,0],"1":[0,3]},"_coverageSchema":"1a1c01bbd47fc00a2c39e90264f33305004495a9","hash":"d699b24c9532ddc03e441e0196cda50afcff270b"}
,"/Users/dima/WebstormProjects/rss-nodejs-cli-cifer/modules/validation/duplicates.js": {"path":"/Users/dima/WebstormProjects/rss-nodejs-cli-cifer/modules/validation/duplicates.js","statementMap":{"0":{"start":{"line":1,"column":22},"end":{"line":1,"column":69}},"1":{"start":{"line":1,"column":33},"end":{"line":1,"column":69}},"2":{"start":{"line":3,"column":0},"end":{"line":3,"column":31}}},"fnMap":{"0":{"name":"(anonymous_0)","decl":{"start":{"line":1,"column":22},"end":{"line":1,"column":23}},"loc":{"start":{"line":1,"column":33},"end":{"line":1,"column":69}},"line":1}},"branchMap":{},"s":{"0":1,"1":1,"2":1},"f":{"0":1},"b":{},"_coverageSchema":"1a1c01bbd47fc00a2c39e90264f33305004495a9","hash":"93162abc2621d37c05b3b905153bd28471abbb03"}
}
