TN:
SF:modules/crypt/index.js
FN:1,(anonymous_0)
FN:7,(anonymous_1)
FN:9,(anonymous_2)
FN:11,(anonymous_3)
FN:32,(anonymous_4)
FNF:5
FNH:5
FNDA:6,(anonymous_0)
FNDA:12,(anonymous_1)
FNDA:12,(anonymous_2)
FNDA:12,(anonymous_3)
FNDA:36,(anonymous_4)
DA:1,1
DA:2,6
DA:3,6
DA:4,6
DA:7,12
DA:9,12
DA:11,12
DA:14,6
DA:16,1
DA:17,1
DA:19,1
DA:20,1
DA:22,1
DA:23,1
DA:25,1
DA:26,1
DA:28,2
DA:29,2
DA:32,6
DA:33,36
DA:34,18
DA:38,18
DA:44,1
LF:23
LH:23
BRDA:14,0,0,1
BRDA:14,0,1,1
BRDA:14,0,2,1
BRDA:14,0,3,1
BRDA:14,0,4,2
BRDA:33,1,0,18
BRDA:33,1,1,18
BRF:7
BRH:7
end_of_record
TN:
SF:modules/error/index.js
FN:3,(anonymous_0)
FNF:1
FNH:1
FNDA:6,(anonymous_0)
DA:1,1
DA:3,1
DA:4,6
DA:6,1
DA:7,1
DA:9,1
DA:10,1
DA:12,1
DA:13,1
DA:15,1
DA:16,1
DA:18,1
DA:19,1
DA:21,1
DA:25,1
LF:15
LH:15
BRDA:4,0,0,1
BRDA:4,0,1,1
BRDA:4,0,2,1
BRDA:4,0,3,1
BRDA:4,0,4,1
BRDA:4,0,5,1
BRF:6
BRH:6
end_of_record
TN:
SF:modules/validation/duplicates.js
FN:1,(anonymous_0)
FNF:1
FNH:1
FNDA:3,(anonymous_0)
DA:1,3
DA:3,1
LF:2
LH:2
BRF:0
BRH:0
end_of_record
TN:
SF:modules/validation/validateConfig.js
FN:3,(anonymous_0)
FN:3,(anonymous_1)
FNF:2
FNH:2
FNDA:5,(anonymous_0)
FNDA:9,(anonymous_1)
DA:1,1
DA:3,9
DA:5,1
LF:3
LH:3
BRF:0
BRH:0
end_of_record
